<?xml version="1.0" encoding="UTF-8"?>
<!-- Generated by org.testng.reporters.JUnitXMLReporter -->
<testsuite ignored="0" hostname="LENOVO" failures="0" tests="19" name="Default test" time="25.99" errors="0" timestamp="2021-03-02T22:46:08 PST">
  <testcase classname="Com.G.Varathan.scrip.Testscript" name="validateRegister" time="1.913"/>
  <testcase classname="Com.G.Varathan.scrip.Testscript" name="validateFirstname" time="0.314"/>
  <testcase classname="Com.G.Varathan.scrip.Testscript" name="validateLastname" time="0.135"/>
  <testcase classname="Com.G.Varathan.scrip.Testscript" name="validatePhonenum" time="0.152"/>
  <testcase classname="Com.G.Varathan.scrip.Testscript" name="validateEmail" time="0.21"/>
  <testcase classname="Com.G.Varathan.scrip.Testscript" name="validateAdres" time="0.144"/>
  <testcase classname="Com.G.Varathan.scrip.Testscript" name="validateCity" time="0.144"/>
  <testcase classname="Com.G.Varathan.scrip.Testscript" name="validateState" time="0.15"/>
  <testcase classname="Com.G.Varathan.scrip.Testscript" name="validatePostalcode" time="0.167"/>
  <testcase classname="Com.G.Varathan.scrip.Testscript" name="validateCountry" time="0.127"/>
  <testcase classname="Com.G.Varathan.scrip.Testscript" name="validateUserName" time="0.153"/>
  <testcase classname="Com.G.Varathan.scrip.Testscript" name="validatePassword" time="0.149"/>
  <testcase classname="Com.G.Varathan.scrip.Testscript" name="validateConfirmpass" time="0.147"/>
  <testcase classname="Com.G.Varathan.scrip.Testscript" name="validateSubmit" time="1.752"/>
  <testcase classname="Com.G.Varathan.scrip.Testscript" name="validateSignOn" time="1.497"/>
  <testcase classname="Com.G.Varathan.scrip.Testscript" name="validateSiUser" time="0.232"/>
  <testcase classname="Com.G.Varathan.scrip.Testscript" name="validateSipas" time="0.15"/>
  <testcase classname="Com.G.Varathan.scrip.Testscript" name="validateSigsub" time="1.738"/>
  <testcase classname="Com.G.Varathan.scrip.Testscript" name="validateSignof" time="1.488"/>
</testsuite> <!-- Default test -->
