<?xml version="1.0" encoding="UTF-8"?>
<!-- Generated by org.testng.reporters.JUnitXMLReporter -->
<testsuite ignored="0" hostname="LENOVO" failures="0" tests="19" name="Default test" time="42.693" errors="0" timestamp="2021-03-01T22:13:49 PST">
  <testcase classname="Com.G.Varathan.scrip.Testscript" name="validateRegister" time="1.614"/>
  <testcase classname="Com.G.Varathan.scrip.Testscript" name="validateFirstname" time="0.778"/>
  <testcase classname="Com.G.Varathan.scrip.Testscript" name="validateLastname" time="0.125"/>
  <testcase classname="Com.G.Varathan.scrip.Testscript" name="validatePhonenum" time="0.158"/>
  <testcase classname="Com.G.Varathan.scrip.Testscript" name="validateEmail" time="0.206"/>
  <testcase classname="Com.G.Varathan.scrip.Testscript" name="validateAdres" time="0.151"/>
  <testcase classname="Com.G.Varathan.scrip.Testscript" name="validateCity" time="0.147"/>
  <testcase classname="Com.G.Varathan.scrip.Testscript" name="validateState" time="0.158"/>
  <testcase classname="Com.G.Varathan.scrip.Testscript" name="validatePostalcode" time="0.154"/>
  <testcase classname="Com.G.Varathan.scrip.Testscript" name="validateCountry" time="0.153"/>
  <testcase classname="Com.G.Varathan.scrip.Testscript" name="validateUserName" time="0.138"/>
  <testcase classname="Com.G.Varathan.scrip.Testscript" name="validatePassword" time="0.147"/>
  <testcase classname="Com.G.Varathan.scrip.Testscript" name="validateConfirmpass" time="0.132"/>
  <testcase classname="Com.G.Varathan.scrip.Testscript" name="validateSubmit" time="2.726"/>
  <testcase classname="Com.G.Varathan.scrip.Testscript" name="validateSignOn" time="1.16"/>
  <testcase classname="Com.G.Varathan.scrip.Testscript" name="validateSiUser" time="0.296"/>
  <testcase classname="Com.G.Varathan.scrip.Testscript" name="validateSipas" time="0.154"/>
  <testcase classname="Com.G.Varathan.scrip.Testscript" name="validateSigsub" time="1.66"/>
  <testcase classname="Com.G.Varathan.scrip.Testscript" name="validateSignof" time="2.318"/>
</testsuite> <!-- Default test -->
