<?xml version="1.0" encoding="UTF-8"?>
<!-- Generated by org.testng.reporters.JUnitXMLReporter -->
<testsuite ignored="0" hostname="LENOVO" failures="0" tests="19" name="Test" time="25.0" errors="0" timestamp="2021-03-02T22:53:59 PST">
  <testcase classname="Com.G.Varathan.scrip.Testscript" name="validateRegister" time="1.526"/>
  <testcase classname="Com.G.Varathan.scrip.Testscript" name="validateFirstname" time="0.168"/>
  <testcase classname="Com.G.Varathan.scrip.Testscript" name="validateLastname" time="0.138"/>
  <testcase classname="Com.G.Varathan.scrip.Testscript" name="validatePhonenum" time="0.142"/>
  <testcase classname="Com.G.Varathan.scrip.Testscript" name="validateEmail" time="0.193"/>
  <testcase classname="Com.G.Varathan.scrip.Testscript" name="validateAdres" time="0.144"/>
  <testcase classname="Com.G.Varathan.scrip.Testscript" name="validateCity" time="0.124"/>
  <testcase classname="Com.G.Varathan.scrip.Testscript" name="validateState" time="0.141"/>
  <testcase classname="Com.G.Varathan.scrip.Testscript" name="validatePostalcode" time="0.119"/>
  <testcase classname="Com.G.Varathan.scrip.Testscript" name="validateCountry" time="0.121"/>
  <testcase classname="Com.G.Varathan.scrip.Testscript" name="validateUserName" time="0.127"/>
  <testcase classname="Com.G.Varathan.scrip.Testscript" name="validatePassword" time="0.135"/>
  <testcase classname="Com.G.Varathan.scrip.Testscript" name="validateConfirmpass" time="0.131"/>
  <testcase classname="Com.G.Varathan.scrip.Testscript" name="validateSubmit" time="2.164"/>
  <testcase classname="Com.G.Varathan.scrip.Testscript" name="validateSignOn" time="1.199"/>
  <testcase classname="Com.G.Varathan.scrip.Testscript" name="validateSiUser" time="0.137"/>
  <testcase classname="Com.G.Varathan.scrip.Testscript" name="validateSipas" time="0.12"/>
  <testcase classname="Com.G.Varathan.scrip.Testscript" name="validateSigsub" time="2.105"/>
  <testcase classname="Com.G.Varathan.scrip.Testscript" name="validateSignof" time="1.712"/>
</testsuite> <!-- Test -->
