<?xml version="1.0" encoding="UTF-8"?>
<!-- Generated by org.testng.reporters.JUnitXMLReporter -->
<testsuite ignored="0" hostname="LENOVO" failures="0" tests="19" name="Test" time="56.793" errors="0" timestamp="2021-03-01T23:40:45 PST">
  <testcase classname="Com.G.Varathan.scrip.Testscript" name="validateRegister" time="3.46"/>
  <testcase classname="Com.G.Varathan.scrip.Testscript" name="validateFirstname" time="1.909"/>
  <testcase classname="Com.G.Varathan.scrip.Testscript" name="validateLastname" time="0.138"/>
  <testcase classname="Com.G.Varathan.scrip.Testscript" name="validatePhonenum" time="0.14"/>
  <testcase classname="Com.G.Varathan.scrip.Testscript" name="validateEmail" time="0.203"/>
  <testcase classname="Com.G.Varathan.scrip.Testscript" name="validateAdres" time="0.144"/>
  <testcase classname="Com.G.Varathan.scrip.Testscript" name="validateCity" time="0.123"/>
  <testcase classname="Com.G.Varathan.scrip.Testscript" name="validateState" time="0.157"/>
  <testcase classname="Com.G.Varathan.scrip.Testscript" name="validatePostalcode" time="0.123"/>
  <testcase classname="Com.G.Varathan.scrip.Testscript" name="validateCountry" time="0.118"/>
  <testcase classname="Com.G.Varathan.scrip.Testscript" name="validateUserName" time="0.13"/>
  <testcase classname="Com.G.Varathan.scrip.Testscript" name="validatePassword" time="0.131"/>
  <testcase classname="Com.G.Varathan.scrip.Testscript" name="validateConfirmpass" time="0.15"/>
  <testcase classname="Com.G.Varathan.scrip.Testscript" name="validateSubmit" time="4.615"/>
  <testcase classname="Com.G.Varathan.scrip.Testscript" name="validateSignOn" time="1.693"/>
  <testcase classname="Com.G.Varathan.scrip.Testscript" name="validateSiUser" time="0.183"/>
  <testcase classname="Com.G.Varathan.scrip.Testscript" name="validateSipas" time="0.132"/>
  <testcase classname="Com.G.Varathan.scrip.Testscript" name="validateSigsub" time="5.507"/>
  <testcase classname="Com.G.Varathan.scrip.Testscript" name="validateSignof" time="1.151"/>
</testsuite> <!-- Test -->
