<?xml version="1.0" encoding="UTF-8"?>
<testsuite xmlns:xsi="http://www.w3.org/2001/XMLSchema-instance" xsi:noNamespaceSchemaLocation="https://maven.apache.org/surefire/maven-surefire-plugin/xsd/surefire-test-report-3.0.xsd" version="3.0" name="TestSuite" time="58.874" tests="19" errors="0" skipped="0" failures="0">
  <properties>
[...]
</properties>
  <testcase name="validateRegister" classname="Com.G.Varathan.scrip.Testscript" time="3.431">
    <system-err><![CDATA[Starting ChromeDriver 88.0.4324.96 (68dba2d8a0b149a1d3afac56fa74648032bcf46b-refs/branch-heads/4324@{#1784}) on port 17297
Only local connections are allowed.
Please see https://chromedriver.chromium.org/security-considerations for suggestions on keeping ChromeDriver safe.
ChromeDriver was started successfully.
Mar 01, 2021 11:40:17 PM org.openqa.selenium.remote.ProtocolHandshake createSession
INFO: Detected dialect: W3C
]]></system-err>
  </testcase>
  <testcase name="validateFirstname" classname="Com.G.Varathan.scrip.Testscript" time="1.905"/>
  <testcase name="validateLastname" classname="Com.G.Varathan.scrip.Testscript" time="0.138"/>
  <testcase name="validatePhonenum" classname="Com.G.Varathan.scrip.Testscript" time="0.14"/>
  <testcase name="validateEmail" classname="Com.G.Varathan.scrip.Testscript" time="0.205"/>
  <testcase name="validateAdres" classname="Com.G.Varathan.scrip.Testscript" time="0.146"/>
  <testcase name="validateCity" classname="Com.G.Varathan.scrip.Testscript" time="0.122"/>
  <testcase name="validateState" classname="Com.G.Varathan.scrip.Testscript" time="0.156"/>
  <testcase name="validatePostalcode" classname="Com.G.Varathan.scrip.Testscript" time="0.123"/>
  <testcase name="validateCountry" classname="Com.G.Varathan.scrip.Testscript" time="0.127"/>
  <testcase name="validateUserName" classname="Com.G.Varathan.scrip.Testscript" time="0.125"/>
  <testcase name="validatePassword" classname="Com.G.Varathan.scrip.Testscript" time="0.131"/>
  <testcase name="validateConfirmpass" classname="Com.G.Varathan.scrip.Testscript" time="0.152"/>
  <testcase name="validateSubmit" classname="Com.G.Varathan.scrip.Testscript" time="4.613"/>
  <testcase name="validateSignOn" classname="Com.G.Varathan.scrip.Testscript" time="1.703"/>
  <testcase name="validateSiUser" classname="Com.G.Varathan.scrip.Testscript" time="0.174"/>
  <testcase name="validateSipas" classname="Com.G.Varathan.scrip.Testscript" time="0.133"/>
  <testcase name="validateSigsub" classname="Com.G.Varathan.scrip.Testscript" time="5.508"/>
  <testcase name="validateSignof" classname="Com.G.Varathan.scrip.Testscript" time="1.153"/>
</testsuite>