<?xml version="1.0" encoding="UTF-8"?>
<testng-results ignored="0" total="19" passed="19" failed="0" skipped="0">
  <reporter-output>
  </reporter-output>
  <suite started-at="2021-03-02T22:53:34 PST" name="Suite" finished-at="2021-03-02T22:53:59 PST" duration-ms="25000">
    <groups>
    </groups>
    <test started-at="2021-03-02T22:53:34 PST" name="Test" finished-at="2021-03-02T22:53:59 PST" duration-ms="25000">
      <class name="Com.G.Varathan.scrip.Testscript">
        <test-method is-config="true" signature="setup()[pri:0, instance:Com.G.Varathan.scrip.Testscript@57d7f8ca]" started-at="2021-03-02T22:53:34 PST" name="setup" finished-at="2021-03-02T22:53:47 PST" duration-ms="12742" status="PASS">
          <reporter-output>
          </reporter-output>
        </test-method> <!-- setup -->
        <test-method signature="validateRegister()[pri:1, instance:Com.G.Varathan.scrip.Testscript@57d7f8ca]" started-at="2021-03-02T22:53:47 PST" name="validateRegister" finished-at="2021-03-02T22:53:48 PST" duration-ms="1526" status="PASS">
          <reporter-output>
          </reporter-output>
        </test-method> <!-- validateRegister -->
        <test-method signature="validateFirstname()[pri:2, instance:Com.G.Varathan.scrip.Testscript@57d7f8ca]" started-at="2021-03-02T22:53:48 PST" name="validateFirstname" finished-at="2021-03-02T22:53:48 PST" duration-ms="168" status="PASS">
          <reporter-output>
          </reporter-output>
        </test-method> <!-- validateFirstname -->
        <test-method signature="validateLastname()[pri:3, instance:Com.G.Varathan.scrip.Testscript@57d7f8ca]" started-at="2021-03-02T22:53:48 PST" name="validateLastname" finished-at="2021-03-02T22:53:49 PST" duration-ms="138" status="PASS">
          <reporter-output>
          </reporter-output>
        </test-method> <!-- validateLastname -->
        <test-method signature="validatePhonenum()[pri:4, instance:Com.G.Varathan.scrip.Testscript@57d7f8ca]" started-at="2021-03-02T22:53:49 PST" name="validatePhonenum" finished-at="2021-03-02T22:53:49 PST" duration-ms="142" status="PASS">
          <reporter-output>
          </reporter-output>
        </test-method> <!-- validatePhonenum -->
        <test-method signature="validateEmail()[pri:5, instance:Com.G.Varathan.scrip.Testscript@57d7f8ca]" started-at="2021-03-02T22:53:49 PST" name="validateEmail" finished-at="2021-03-02T22:53:49 PST" duration-ms="193" status="PASS">
          <reporter-output>
          </reporter-output>
        </test-method> <!-- validateEmail -->
        <test-method signature="validateAdres()[pri:6, instance:Com.G.Varathan.scrip.Testscript@57d7f8ca]" started-at="2021-03-02T22:53:49 PST" name="validateAdres" finished-at="2021-03-02T22:53:49 PST" duration-ms="144" status="PASS">
          <reporter-output>
          </reporter-output>
        </test-method> <!-- validateAdres -->
        <test-method signature="validateCity()[pri:7, instance:Com.G.Varathan.scrip.Testscript@57d7f8ca]" started-at="2021-03-02T22:53:49 PST" name="validateCity" finished-at="2021-03-02T22:53:49 PST" duration-ms="124" status="PASS">
          <reporter-output>
          </reporter-output>
        </test-method> <!-- validateCity -->
        <test-method signature="validateState()[pri:8, instance:Com.G.Varathan.scrip.Testscript@57d7f8ca]" started-at="2021-03-02T22:53:49 PST" name="validateState" finished-at="2021-03-02T22:53:49 PST" duration-ms="141" status="PASS">
          <reporter-output>
          </reporter-output>
        </test-method> <!-- validateState -->
        <test-method signature="validatePostalcode()[pri:9, instance:Com.G.Varathan.scrip.Testscript@57d7f8ca]" started-at="2021-03-02T22:53:49 PST" name="validatePostalcode" finished-at="2021-03-02T22:53:49 PST" duration-ms="119" status="PASS">
          <reporter-output>
          </reporter-output>
        </test-method> <!-- validatePostalcode -->
        <test-method signature="validateCountry()[pri:10, instance:Com.G.Varathan.scrip.Testscript@57d7f8ca]" started-at="2021-03-02T22:53:49 PST" name="validateCountry" finished-at="2021-03-02T22:53:50 PST" duration-ms="121" status="PASS">
          <reporter-output>
          </reporter-output>
        </test-method> <!-- validateCountry -->
        <test-method signature="validateUserName()[pri:11, instance:Com.G.Varathan.scrip.Testscript@57d7f8ca]" started-at="2021-03-02T22:53:50 PST" name="validateUserName" finished-at="2021-03-02T22:53:50 PST" duration-ms="127" status="PASS">
          <reporter-output>
          </reporter-output>
        </test-method> <!-- validateUserName -->
        <test-method signature="validatePassword()[pri:12, instance:Com.G.Varathan.scrip.Testscript@57d7f8ca]" started-at="2021-03-02T22:53:50 PST" name="validatePassword" finished-at="2021-03-02T22:53:50 PST" duration-ms="135" status="PASS">
          <reporter-output>
          </reporter-output>
        </test-method> <!-- validatePassword -->
        <test-method signature="validateConfirmpass()[pri:13, instance:Com.G.Varathan.scrip.Testscript@57d7f8ca]" started-at="2021-03-02T22:53:50 PST" name="validateConfirmpass" finished-at="2021-03-02T22:53:50 PST" duration-ms="131" status="PASS">
          <reporter-output>
          </reporter-output>
        </test-method> <!-- validateConfirmpass -->
        <test-method signature="validateSubmit()[pri:14, instance:Com.G.Varathan.scrip.Testscript@57d7f8ca]" started-at="2021-03-02T22:53:50 PST" name="validateSubmit" finished-at="2021-03-02T22:53:52 PST" duration-ms="2164" status="PASS">
          <reporter-output>
          </reporter-output>
        </test-method> <!-- validateSubmit -->
        <test-method signature="validateSignOn()[pri:15, instance:Com.G.Varathan.scrip.Testscript@57d7f8ca]" started-at="2021-03-02T22:53:52 PST" name="validateSignOn" finished-at="2021-03-02T22:53:53 PST" duration-ms="1199" status="PASS">
          <reporter-output>
          </reporter-output>
        </test-method> <!-- validateSignOn -->
        <test-method signature="validateSiUser()[pri:16, instance:Com.G.Varathan.scrip.Testscript@57d7f8ca]" started-at="2021-03-02T22:53:53 PST" name="validateSiUser" finished-at="2021-03-02T22:53:53 PST" duration-ms="137" status="PASS">
          <reporter-output>
          </reporter-output>
        </test-method> <!-- validateSiUser -->
        <test-method signature="validateSipas()[pri:17, instance:Com.G.Varathan.scrip.Testscript@57d7f8ca]" started-at="2021-03-02T22:53:53 PST" name="validateSipas" finished-at="2021-03-02T22:53:54 PST" duration-ms="120" status="PASS">
          <reporter-output>
          </reporter-output>
        </test-method> <!-- validateSipas -->
        <test-method signature="validateSigsub()[pri:18, instance:Com.G.Varathan.scrip.Testscript@57d7f8ca]" started-at="2021-03-02T22:53:54 PST" name="validateSigsub" finished-at="2021-03-02T22:53:56 PST" duration-ms="2105" status="PASS">
          <reporter-output>
          </reporter-output>
        </test-method> <!-- validateSigsub -->
        <test-method signature="validateSignof()[pri:19, instance:Com.G.Varathan.scrip.Testscript@57d7f8ca]" started-at="2021-03-02T22:53:56 PST" name="validateSignof" finished-at="2021-03-02T22:53:57 PST" duration-ms="1712" status="PASS">
          <reporter-output>
          </reporter-output>
        </test-method> <!-- validateSignof -->
        <test-method is-config="true" signature="teardown()[pri:0, instance:Com.G.Varathan.scrip.Testscript@57d7f8ca]" started-at="2021-03-02T22:53:57 PST" name="teardown" finished-at="2021-03-02T22:53:59 PST" duration-ms="1523" status="PASS">
          <reporter-output>
          </reporter-output>
        </test-method> <!-- teardown -->
      </class> <!-- Com.G.Varathan.scrip.Testscript -->
    </test> <!-- Test -->
  </suite> <!-- Suite -->
</testng-results>
