<?xml version="1.0" encoding="UTF-8"?>
<testng-results ignored="0" total="19" passed="19" failed="0" skipped="0">
  <reporter-output>
  </reporter-output>
  <suite started-at="2021-03-01T22:13:06 PST" name="Default suite" finished-at="2021-03-01T22:13:49 PST" duration-ms="42693">
    <groups>
    </groups>
    <test started-at="2021-03-01T22:13:06 PST" name="Default test" finished-at="2021-03-01T22:13:49 PST" duration-ms="42693">
      <class name="Com.G.Varathan.scrip.Testscript">
        <test-method is-config="true" signature="setup()[pri:0, instance:Com.G.Varathan.scrip.Testscript@7ec7ffd3]" started-at="2021-03-01T22:13:06 PST" name="setup" finished-at="2021-03-01T22:13:32 PST" duration-ms="26480" status="PASS">
          <reporter-output>
          </reporter-output>
        </test-method> <!-- setup -->
        <test-method signature="validateRegister()[pri:1, instance:Com.G.Varathan.scrip.Testscript@7ec7ffd3]" started-at="2021-03-01T22:13:32 PST" name="validateRegister" finished-at="2021-03-01T22:13:34 PST" duration-ms="1614" status="PASS">
          <reporter-output>
          </reporter-output>
        </test-method> <!-- validateRegister -->
        <test-method signature="validateFirstname()[pri:2, instance:Com.G.Varathan.scrip.Testscript@7ec7ffd3]" started-at="2021-03-01T22:13:34 PST" name="validateFirstname" finished-at="2021-03-01T22:13:35 PST" duration-ms="778" status="PASS">
          <reporter-output>
          </reporter-output>
        </test-method> <!-- validateFirstname -->
        <test-method signature="validateLastname()[pri:3, instance:Com.G.Varathan.scrip.Testscript@7ec7ffd3]" started-at="2021-03-01T22:13:35 PST" name="validateLastname" finished-at="2021-03-01T22:13:35 PST" duration-ms="125" status="PASS">
          <reporter-output>
          </reporter-output>
        </test-method> <!-- validateLastname -->
        <test-method signature="validatePhonenum()[pri:4, instance:Com.G.Varathan.scrip.Testscript@7ec7ffd3]" started-at="2021-03-01T22:13:35 PST" name="validatePhonenum" finished-at="2021-03-01T22:13:35 PST" duration-ms="158" status="PASS">
          <reporter-output>
          </reporter-output>
        </test-method> <!-- validatePhonenum -->
        <test-method signature="validateEmail()[pri:5, instance:Com.G.Varathan.scrip.Testscript@7ec7ffd3]" started-at="2021-03-01T22:13:35 PST" name="validateEmail" finished-at="2021-03-01T22:13:35 PST" duration-ms="206" status="PASS">
          <reporter-output>
          </reporter-output>
        </test-method> <!-- validateEmail -->
        <test-method signature="validateAdres()[pri:6, instance:Com.G.Varathan.scrip.Testscript@7ec7ffd3]" started-at="2021-03-01T22:13:35 PST" name="validateAdres" finished-at="2021-03-01T22:13:35 PST" duration-ms="151" status="PASS">
          <reporter-output>
          </reporter-output>
        </test-method> <!-- validateAdres -->
        <test-method signature="validateCity()[pri:7, instance:Com.G.Varathan.scrip.Testscript@7ec7ffd3]" started-at="2021-03-01T22:13:35 PST" name="validateCity" finished-at="2021-03-01T22:13:36 PST" duration-ms="147" status="PASS">
          <reporter-output>
          </reporter-output>
        </test-method> <!-- validateCity -->
        <test-method signature="validateState()[pri:8, instance:Com.G.Varathan.scrip.Testscript@7ec7ffd3]" started-at="2021-03-01T22:13:36 PST" name="validateState" finished-at="2021-03-01T22:13:36 PST" duration-ms="158" status="PASS">
          <reporter-output>
          </reporter-output>
        </test-method> <!-- validateState -->
        <test-method signature="validatePostalcode()[pri:9, instance:Com.G.Varathan.scrip.Testscript@7ec7ffd3]" started-at="2021-03-01T22:13:36 PST" name="validatePostalcode" finished-at="2021-03-01T22:13:36 PST" duration-ms="154" status="PASS">
          <reporter-output>
          </reporter-output>
        </test-method> <!-- validatePostalcode -->
        <test-method signature="validateCountry()[pri:10, instance:Com.G.Varathan.scrip.Testscript@7ec7ffd3]" started-at="2021-03-01T22:13:36 PST" name="validateCountry" finished-at="2021-03-01T22:13:36 PST" duration-ms="153" status="PASS">
          <reporter-output>
          </reporter-output>
        </test-method> <!-- validateCountry -->
        <test-method signature="validateUserName()[pri:11, instance:Com.G.Varathan.scrip.Testscript@7ec7ffd3]" started-at="2021-03-01T22:13:36 PST" name="validateUserName" finished-at="2021-03-01T22:13:36 PST" duration-ms="138" status="PASS">
          <reporter-output>
          </reporter-output>
        </test-method> <!-- validateUserName -->
        <test-method signature="validatePassword()[pri:12, instance:Com.G.Varathan.scrip.Testscript@7ec7ffd3]" started-at="2021-03-01T22:13:36 PST" name="validatePassword" finished-at="2021-03-01T22:13:36 PST" duration-ms="147" status="PASS">
          <reporter-output>
          </reporter-output>
        </test-method> <!-- validatePassword -->
        <test-method signature="validateConfirmpass()[pri:13, instance:Com.G.Varathan.scrip.Testscript@7ec7ffd3]" started-at="2021-03-01T22:13:36 PST" name="validateConfirmpass" finished-at="2021-03-01T22:13:37 PST" duration-ms="132" status="PASS">
          <reporter-output>
          </reporter-output>
        </test-method> <!-- validateConfirmpass -->
        <test-method signature="validateSubmit()[pri:14, instance:Com.G.Varathan.scrip.Testscript@7ec7ffd3]" started-at="2021-03-01T22:13:37 PST" name="validateSubmit" finished-at="2021-03-01T22:13:39 PST" duration-ms="2726" status="PASS">
          <reporter-output>
          </reporter-output>
        </test-method> <!-- validateSubmit -->
        <test-method signature="validateSignOn()[pri:15, instance:Com.G.Varathan.scrip.Testscript@7ec7ffd3]" started-at="2021-03-01T22:13:39 PST" name="validateSignOn" finished-at="2021-03-01T22:13:40 PST" duration-ms="1160" status="PASS">
          <reporter-output>
          </reporter-output>
        </test-method> <!-- validateSignOn -->
        <test-method signature="validateSiUser()[pri:16, instance:Com.G.Varathan.scrip.Testscript@7ec7ffd3]" started-at="2021-03-01T22:13:40 PST" name="validateSiUser" finished-at="2021-03-01T22:13:41 PST" duration-ms="296" status="PASS">
          <reporter-output>
          </reporter-output>
        </test-method> <!-- validateSiUser -->
        <test-method signature="validateSipas()[pri:17, instance:Com.G.Varathan.scrip.Testscript@7ec7ffd3]" started-at="2021-03-01T22:13:41 PST" name="validateSipas" finished-at="2021-03-01T22:13:41 PST" duration-ms="154" status="PASS">
          <reporter-output>
          </reporter-output>
        </test-method> <!-- validateSipas -->
        <test-method signature="validateSigsub()[pri:18, instance:Com.G.Varathan.scrip.Testscript@7ec7ffd3]" started-at="2021-03-01T22:13:41 PST" name="validateSigsub" finished-at="2021-03-01T22:13:43 PST" duration-ms="1660" status="PASS">
          <reporter-output>
          </reporter-output>
        </test-method> <!-- validateSigsub -->
        <test-method signature="validateSignof()[pri:19, instance:Com.G.Varathan.scrip.Testscript@7ec7ffd3]" started-at="2021-03-01T22:13:43 PST" name="validateSignof" finished-at="2021-03-01T22:13:45 PST" duration-ms="2318" status="PASS">
          <reporter-output>
          </reporter-output>
        </test-method> <!-- validateSignof -->
        <test-method is-config="true" signature="teardown()[pri:0, instance:Com.G.Varathan.scrip.Testscript@7ec7ffd3]" started-at="2021-03-01T22:13:45 PST" name="teardown" finished-at="2021-03-01T22:13:49 PST" duration-ms="3709" status="PASS">
          <reporter-output>
          </reporter-output>
        </test-method> <!-- teardown -->
      </class> <!-- Com.G.Varathan.scrip.Testscript -->
    </test> <!-- Default test -->
  </suite> <!-- Default suite -->
</testng-results>
