<?xml version="1.0" encoding="UTF-8"?>
<testng-results ignored="0" total="19" passed="19" failed="0" skipped="0">
  <reporter-output>
  </reporter-output>
  <suite started-at="2021-03-02T22:45:41 PST" name="Default suite" finished-at="2021-03-02T22:46:07 PST" duration-ms="25990">
    <groups>
    </groups>
    <test started-at="2021-03-02T22:45:41 PST" name="Default test" finished-at="2021-03-02T22:46:07 PST" duration-ms="25990">
      <class name="Com.G.Varathan.scrip.Testscript">
        <test-method is-config="true" signature="setup()[pri:0, instance:Com.G.Varathan.scrip.Testscript@7ec7ffd3]" started-at="2021-03-02T22:45:41 PST" name="setup" finished-at="2021-03-02T22:45:55 PST" duration-ms="14525" status="PASS">
          <reporter-output>
          </reporter-output>
        </test-method> <!-- setup -->
        <test-method signature="validateRegister()[pri:1, instance:Com.G.Varathan.scrip.Testscript@7ec7ffd3]" started-at="2021-03-02T22:45:55 PST" name="validateRegister" finished-at="2021-03-02T22:45:57 PST" duration-ms="1913" status="PASS">
          <reporter-output>
          </reporter-output>
        </test-method> <!-- validateRegister -->
        <test-method signature="validateFirstname()[pri:2, instance:Com.G.Varathan.scrip.Testscript@7ec7ffd3]" started-at="2021-03-02T22:45:57 PST" name="validateFirstname" finished-at="2021-03-02T22:45:58 PST" duration-ms="314" status="PASS">
          <reporter-output>
          </reporter-output>
        </test-method> <!-- validateFirstname -->
        <test-method signature="validateLastname()[pri:3, instance:Com.G.Varathan.scrip.Testscript@7ec7ffd3]" started-at="2021-03-02T22:45:58 PST" name="validateLastname" finished-at="2021-03-02T22:45:58 PST" duration-ms="135" status="PASS">
          <reporter-output>
          </reporter-output>
        </test-method> <!-- validateLastname -->
        <test-method signature="validatePhonenum()[pri:4, instance:Com.G.Varathan.scrip.Testscript@7ec7ffd3]" started-at="2021-03-02T22:45:58 PST" name="validatePhonenum" finished-at="2021-03-02T22:45:58 PST" duration-ms="152" status="PASS">
          <reporter-output>
          </reporter-output>
        </test-method> <!-- validatePhonenum -->
        <test-method signature="validateEmail()[pri:5, instance:Com.G.Varathan.scrip.Testscript@7ec7ffd3]" started-at="2021-03-02T22:45:58 PST" name="validateEmail" finished-at="2021-03-02T22:45:58 PST" duration-ms="210" status="PASS">
          <reporter-output>
          </reporter-output>
        </test-method> <!-- validateEmail -->
        <test-method signature="validateAdres()[pri:6, instance:Com.G.Varathan.scrip.Testscript@7ec7ffd3]" started-at="2021-03-02T22:45:58 PST" name="validateAdres" finished-at="2021-03-02T22:45:58 PST" duration-ms="144" status="PASS">
          <reporter-output>
          </reporter-output>
        </test-method> <!-- validateAdres -->
        <test-method signature="validateCity()[pri:7, instance:Com.G.Varathan.scrip.Testscript@7ec7ffd3]" started-at="2021-03-02T22:45:58 PST" name="validateCity" finished-at="2021-03-02T22:45:58 PST" duration-ms="144" status="PASS">
          <reporter-output>
          </reporter-output>
        </test-method> <!-- validateCity -->
        <test-method signature="validateState()[pri:8, instance:Com.G.Varathan.scrip.Testscript@7ec7ffd3]" started-at="2021-03-02T22:45:58 PST" name="validateState" finished-at="2021-03-02T22:45:59 PST" duration-ms="150" status="PASS">
          <reporter-output>
          </reporter-output>
        </test-method> <!-- validateState -->
        <test-method signature="validatePostalcode()[pri:9, instance:Com.G.Varathan.scrip.Testscript@7ec7ffd3]" started-at="2021-03-02T22:45:59 PST" name="validatePostalcode" finished-at="2021-03-02T22:45:59 PST" duration-ms="167" status="PASS">
          <reporter-output>
          </reporter-output>
        </test-method> <!-- validatePostalcode -->
        <test-method signature="validateCountry()[pri:10, instance:Com.G.Varathan.scrip.Testscript@7ec7ffd3]" started-at="2021-03-02T22:45:59 PST" name="validateCountry" finished-at="2021-03-02T22:45:59 PST" duration-ms="127" status="PASS">
          <reporter-output>
          </reporter-output>
        </test-method> <!-- validateCountry -->
        <test-method signature="validateUserName()[pri:11, instance:Com.G.Varathan.scrip.Testscript@7ec7ffd3]" started-at="2021-03-02T22:45:59 PST" name="validateUserName" finished-at="2021-03-02T22:45:59 PST" duration-ms="153" status="PASS">
          <reporter-output>
          </reporter-output>
        </test-method> <!-- validateUserName -->
        <test-method signature="validatePassword()[pri:12, instance:Com.G.Varathan.scrip.Testscript@7ec7ffd3]" started-at="2021-03-02T22:45:59 PST" name="validatePassword" finished-at="2021-03-02T22:45:59 PST" duration-ms="149" status="PASS">
          <reporter-output>
          </reporter-output>
        </test-method> <!-- validatePassword -->
        <test-method signature="validateConfirmpass()[pri:13, instance:Com.G.Varathan.scrip.Testscript@7ec7ffd3]" started-at="2021-03-02T22:45:59 PST" name="validateConfirmpass" finished-at="2021-03-02T22:45:59 PST" duration-ms="147" status="PASS">
          <reporter-output>
          </reporter-output>
        </test-method> <!-- validateConfirmpass -->
        <test-method signature="validateSubmit()[pri:14, instance:Com.G.Varathan.scrip.Testscript@7ec7ffd3]" started-at="2021-03-02T22:45:59 PST" name="validateSubmit" finished-at="2021-03-02T22:46:01 PST" duration-ms="1752" status="PASS">
          <reporter-output>
          </reporter-output>
        </test-method> <!-- validateSubmit -->
        <test-method signature="validateSignOn()[pri:15, instance:Com.G.Varathan.scrip.Testscript@7ec7ffd3]" started-at="2021-03-02T22:46:01 PST" name="validateSignOn" finished-at="2021-03-02T22:46:03 PST" duration-ms="1497" status="PASS">
          <reporter-output>
          </reporter-output>
        </test-method> <!-- validateSignOn -->
        <test-method signature="validateSiUser()[pri:16, instance:Com.G.Varathan.scrip.Testscript@7ec7ffd3]" started-at="2021-03-02T22:46:03 PST" name="validateSiUser" finished-at="2021-03-02T22:46:03 PST" duration-ms="232" status="PASS">
          <reporter-output>
          </reporter-output>
        </test-method> <!-- validateSiUser -->
        <test-method signature="validateSipas()[pri:17, instance:Com.G.Varathan.scrip.Testscript@7ec7ffd3]" started-at="2021-03-02T22:46:03 PST" name="validateSipas" finished-at="2021-03-02T22:46:03 PST" duration-ms="150" status="PASS">
          <reporter-output>
          </reporter-output>
        </test-method> <!-- validateSipas -->
        <test-method signature="validateSigsub()[pri:18, instance:Com.G.Varathan.scrip.Testscript@7ec7ffd3]" started-at="2021-03-02T22:46:03 PST" name="validateSigsub" finished-at="2021-03-02T22:46:05 PST" duration-ms="1738" status="PASS">
          <reporter-output>
          </reporter-output>
        </test-method> <!-- validateSigsub -->
        <test-method signature="validateSignof()[pri:19, instance:Com.G.Varathan.scrip.Testscript@7ec7ffd3]" started-at="2021-03-02T22:46:05 PST" name="validateSignof" finished-at="2021-03-02T22:46:06 PST" duration-ms="1488" status="PASS">
          <reporter-output>
          </reporter-output>
        </test-method> <!-- validateSignof -->
        <test-method is-config="true" signature="teardown()[pri:0, instance:Com.G.Varathan.scrip.Testscript@7ec7ffd3]" started-at="2021-03-02T22:46:06 PST" name="teardown" finished-at="2021-03-02T22:46:07 PST" duration-ms="471" status="PASS">
          <reporter-output>
          </reporter-output>
        </test-method> <!-- teardown -->
      </class> <!-- Com.G.Varathan.scrip.Testscript -->
    </test> <!-- Default test -->
  </suite> <!-- Default suite -->
</testng-results>
